2026/01/22 20:35:30 main.go:263: Starting 3270Web from /app
[GIN-debug] [WARNING] Creating an Engine instance with the Logger and Recovery middleware already attached.

[GIN-debug] [WARNING] Running in "debug" mode. Switch to "release" mode in production.
 - using env:	export GIN_MODE=release
 - using code:	gin.SetMode(gin.ReleaseMode)

[GIN-debug] Loaded HTML Templates (4):
	- connect.html
	- error.html
	- screen.html
	-

[GIN-debug] GET    /static/*filepath         --> github.com/gin-gonic/gin.(*RouterGroup).createStaticHandler.func1 (3 handlers)
[GIN-debug] HEAD   /static/*filepath         --> github.com/gin-gonic/gin.(*RouterGroup).createStaticHandler.func1 (3 handlers)
[GIN-debug] GET    /                         --> main.(*App).HomeHandler-fm (3 handlers)
[GIN-debug] POST   /connect                  --> main.(*App).ConnectHandler-fm (3 handlers)
[GIN-debug] GET    /screen                   --> main.(*App).ScreenHandler-fm (3 handlers)
[GIN-debug] POST   /submit                   --> main.(*App).SubmitHandler-fm (3 handlers)
[GIN-debug] POST   /prefs                    --> main.(*App).PrefsHandler-fm (3 handlers)
[GIN-debug] POST   /record/start             --> main.(*App).RecordStartHandler-fm (3 handlers)
[GIN-debug] POST   /record/stop              --> main.(*App).RecordStopHandler-fm (3 handlers)
[GIN-debug] GET    /record/download          --> main.(*App).RecordDownloadHandler-fm (3 handlers)
[GIN-debug] POST   /workflow/load            --> main.(*App).LoadWorkflowHandler-fm (3 handlers)
[GIN-debug] POST   /workflow/play            --> main.(*App).PlayWorkflowHandler-fm (3 handlers)
[GIN-debug] POST   /workflow/debug           --> main.(*App).DebugWorkflowHandler-fm (3 handlers)
[GIN-debug] POST   /workflow/pause           --> main.(*App).PauseWorkflowHandler-fm (3 handlers)
[GIN-debug] POST   /workflow/step            --> main.(*App).StepWorkflowHandler-fm (3 handlers)
[GIN-debug] POST   /workflow/stop            --> main.(*App).StopWorkflowHandler-fm (3 handlers)
[GIN-debug] POST   /workflow/remove          --> main.(*App).RemoveWorkflowHandler-fm (3 handlers)
[GIN-debug] GET    /workflow/status          --> main.(*App).WorkflowStatusHandler-fm (3 handlers)
[GIN-debug] GET    /disconnect               --> main.(*App).DisconnectHandler-fm (3 handlers)
[GIN] 2026/01/22 - 20:35:42 | 200 |    1.098357ms |             ::1 | GET      "/"
[GIN] 2026/01/22 - 20:35:42 | 200 |     2.93785ms |             ::1 | GET      "/static/style.css"
[GIN] 2026/01/22 - 20:35:42 | 200 |    2.849425ms |             ::1 | GET      "/static/theme.js"
[GIN] 2026/01/22 - 20:35:42 | 200 |     292.666µs |             ::1 | GET      "/static/background.js"
[GIN] 2026/01/22 - 20:35:42 | 302 |     127.991µs |             ::1 | POST     "/connect"
[GIN] 2026/01/22 - 20:35:42 | 200 |    4.952524ms |             ::1 | GET      "/screen"
[GIN] 2026/01/22 - 20:35:42 | 200 |     187.736µs |             ::1 | GET      "/static/workflow.js?v=7"
[GIN] 2026/01/22 - 20:35:42 | 200 |     195.353µs |             ::1 | GET      "/static/keyboard.js?v=5"
